Arguments: 
  /Users/lazarenko/.nvm/versions/node/v15.14.0/bin/node /opt/homebrew/bin/yarn install

PATH: 
  /opt/homebrew/opt/ruby/bin:/Applications/Postgres.app/Contents/Versions/14/bin:/Users/lazarenko/.nvm/versions/node/v15.14.0/bin:/opt/homebrew/bin:/opt/homebrew/sbin:/usr/local/bin:/usr/bin:/bin:/usr/sbin:/sbin:/Library/Apple/usr/bin

Yarn version: 
  1.22.17

Node version: 
  15.14.0

Platform: 
  darwin x64

Trace: 
  SyntaxError: /Users/lazarenko/Documents/GitHub/learn/my-server/package.json: Unexpected token } in JSON at position 938
      at JSON.parse (<anonymous>)
      at /opt/homebrew/lib/node_modules/yarn/lib/cli.js:1625:59
      at Generator.next (<anonymous>)
      at step (/opt/homebrew/lib/node_modules/yarn/lib/cli.js:310:30)
      at /opt/homebrew/lib/node_modules/yarn/lib/cli.js:321:13

npm manifest: 
  {
    "name": "my-server",
    "version": "1.0.0",
    "main": "index.js",
    "repository": "https://github.com/Dastin419/my-server.git",
    "author": "lazarenko <dastin419@gmail.com>",
    "license": "MIT",
    "scripts": {
      "build": "rimraf dist && tsc",
      "preserve": "npm run build",
      "serve": "cross-env NODE_ENV=development concurrently \"tsc --watch\" \"nodemon -q dist/index.js\"",
      "prestart": "npm run build",
      "start": "cross-env NODE_ENV=production node dist/index.js",
      "test": "echo \"Error: no test specified\" && exit 1"
    },
    "dependencies": {
      "@types/body-parser": "^1.19.2",
      "@types/express": "^4.17.13",
      "@types/node": "^17.0.31",
      "body-parser": "^1.20.0",
      "cross-env": "^7.0.3",
      "dotenv": "^16.0.0",
      "express": "^4.18.1",
      "helmet": "^5.0.2",
      "rimraf": "^3.0.2",
      "typescript": "^4.6.4"
    },
    "devDependencies": {
      "concurrently": "^7.1.0",
      "nodemon": "^2.0.16",
    }
  }

yarn manifest: 
  No manifest

Lockfile: 
  No lockfile
